#
# There is insufficient memory for the Java Runtime Environment to continue.
# Native memory allocation (malloc) failed to allocate 1058256 bytes for Chunk::new
# Possible reasons:
#   The system is out of physical RAM or swap space
#   In 32 bit mode, the process size limit was hit
# Possible solutions:
#   Reduce memory load on the system
#   Increase physical memory or swap space
#   Check if swap backing store is full
#   Use 64 bit Java on a 64 bit OS
#   Decrease Java heap size (-Xmx/-Xms)
#   Decrease number of Java threads
#   Decrease Java thread stack sizes (-Xss)
#   Set larger code cache with -XX:ReservedCodeCacheSize=
# This output file may be truncated or incomplete.
#
#  Out of Memory Error (allocation.cpp:390), pid=23992, tid=0x000000000000310c
#
# JRE version: OpenJDK Runtime Environment (8.0_112-b06) (build 1.8.0_112-release-b06)
# Java VM: OpenJDK 64-Bit Server VM (25.112-b06 mixed mode windows-amd64 compressed oops)
# Failed to write core dump. Minidumps are not enabled by default on client versions of Windows
#

---------------  T H R E A D  ---------------

Current thread (0x000000001681c800):  JavaThread "C2 CompilerThread1" daemon [_thread_in_native, id=12556, stack(0x0000000018210000,0x0000000018310000)]

Stack: [0x0000000018210000,0x0000000018310000]
[error occurred during error reporting (printing stack bounds), id 0xc0000005]

Native frames: (J=compiled Java code, j=interpreted, Vv=VM code, C=native code)


Current CompileTask:
C2: 989134 17633       4       com.android.dx.cf.code.Simulator$SimVisitor::visitConstant (332 bytes)


---------------  P R O C E S S  ---------------

Java Threads: ( => current thread )
  0x0000000017cd9800 JavaThread "pool-34-thread-1" [_thread_new, id=18584, stack(0x0000000000000000,0x0000000000000000)]
  0x0000000017cde000 JavaThread "pool-33-thread-1" [_thread_new, id=24464, stack(0x0000000000000000,0x0000000000000000)]
  0x0000000017cdd000 JavaThread "pool-17-thread-4" [_thread_in_Java, id=14844, stack(0x0000000027310000,0x0000000027410000)]
  0x0000000017cdc800 JavaThread "pool-17-thread-3" [_thread_in_Java, id=8596, stack(0x0000000027210000,0x0000000027310000)]
  0x0000000017cde800 JavaThread "pool-17-thread-2" [_thread_in_vm, id=3588, stack(0x0000000026f10000,0x0000000027010000)]
  0x000000001ecda800 JavaThread "pool-21-thread-1" [_thread_blocked, id=24092, stack(0x0000000026410000,0x0000000026510000)]
  0x000000001ecdb800 JavaThread "pool-17-thread-1" [_thread_in_Java, id=15204, stack(0x0000000026310000,0x0000000026410000)]
  0x000000001ecd9000 JavaThread "pool-10-thread-2" [_thread_in_native, id=1160, stack(0x0000000026010000,0x0000000026110000)]
  0x000000001f0c9800 JavaThread "pool-10-thread-3" [_thread_blocked, id=24900, stack(0x0000000025f10000,0x0000000026010000)]
  0x000000001eb93800 JavaThread "pool-10-thread-1" [_thread_in_native, id=20648, stack(0x0000000025e10000,0x0000000025f10000)]
  0x000000001cb6b000 JavaThread "pool-10-thread-4" [_thread_blocked, id=8156, stack(0x0000000025d10000,0x0000000025e10000)]
  0x000000001cb71800 JavaThread "pool-7-thread-4" [_thread_blocked, id=15008, stack(0x0000000025c10000,0x0000000025d10000)]
  0x000000001cb6e800 JavaThread "pool-7-thread-3" [_thread_in_native, id=2192, stack(0x0000000025b10000,0x0000000025c10000)]
  0x000000001cb6d000 JavaThread "pool-7-thread-2" [_thread_blocked, id=23612, stack(0x0000000025a10000,0x0000000025b10000)]
  0x000000001cb6f800 JavaThread "pool-7-thread-1" [_thread_in_native, id=14260, stack(0x0000000025910000,0x0000000025a10000)]
  0x000000001eb9a000 JavaThread "Cache worker for Java compile cache (F:\ATempPro\jingbei\.gradle\4.6\javaCompile)" [_thread_blocked, id=13284, stack(0x0000000024f10000,0x0000000025010000)]
  0x000000001eb99800 JavaThread "Exec process Thread 6" [_thread_blocked, id=4940, stack(0x0000000025210000,0x0000000025310000)]
  0x000000001eb95800 JavaThread "Exec process Thread 5" [_thread_blocked, id=2132, stack(0x0000000025110000,0x0000000025210000)]
  0x000000001eb97000 JavaThread "Exec process Thread 4" [_thread_blocked, id=10808, stack(0x0000000025010000,0x0000000025110000)]
  0x000000001f0c5000 JavaThread "Task worker for ':' Thread 3" [_thread_blocked, id=23968, stack(0x0000000024e10000,0x0000000024f10000)]
  0x000000001f0c8000 JavaThread "Task worker for ':' Thread 2" [_thread_blocked, id=13720, stack(0x0000000024b10000,0x0000000024c10000)]
  0x000000001f0ca800 JavaThread "Task worker for ':'" [_thread_blocked, id=2900, stack(0x0000000024a10000,0x0000000024b10000)]
  0x000000001f0c7800 JavaThread "Cache worker for Build Output Cleanup Cache (F:\ATempPro\jingbei\.gradle\buildOutputCleanup)" [_thread_blocked, id=23564, stack(0x0000000024910000,0x0000000024a10000)]
  0x000000001f0c6800 JavaThread "Cache worker for task history cache (F:\ATempPro\jingbei\.gradle\4.6\taskHistory)" [_thread_blocked, id=8784, stack(0x0000000024810000,0x0000000024910000)]
  0x000000001f0c4800 JavaThread "Cache worker for file content cache (F:\ATempPro\jingbei\.gradle\4.6\fileContent)" [_thread_blocked, id=21948, stack(0x00000000234c0000,0x00000000235c0000)]
  0x000000001f0c6000 JavaThread "Build operations Thread 4" [_thread_blocked, id=4908, stack(0x00000000229c0000,0x0000000022ac0000)]
  0x000000001f0bd000 JavaThread "Build operations Thread 3" [_thread_blocked, id=16192, stack(0x00000000216c0000,0x00000000217c0000)]
  0x000000001f0bd800 JavaThread "Build operations Thread 2" [_thread_blocked, id=17044, stack(0x00000000215c0000,0x00000000216c0000)]
  0x000000001f0c3800 JavaThread "Build operations" [_thread_blocked, id=18572, stack(0x00000000214c0000,0x00000000215c0000)]
  0x000000001f0c0000 JavaThread "Cache worker for Artifact transforms cache (C:\Users\lenovo\.gradle\caches\transforms-1)" [_thread_blocked, id=20824, stack(0x000000001e2e0000,0x000000001e3e0000)]
  0x000000001f0bc000 JavaThread "Cache worker for file hash cache (F:\ATempPro\jingbei\.gradle\4.6\fileHashes)" [_thread_blocked, id=17428, stack(0x000000001d130000,0x000000001d230000)]
  0x000000001f0c3000 JavaThread "Stdin handler" [_thread_blocked, id=14380, stack(0x000000001be60000,0x000000001bf60000)]
  0x000000001f0bb000 JavaThread "Asynchronous log dispatcher for DefaultDaemonConnection: socket connection from /127.0.0.1:53838 to /127.0.0.1:54410" [_thread_blocked, id=9508, stack(0x000000001a990000,0x000000001aa90000)]
  0x000000001f0c2000 JavaThread "Daemon worker Thread 2" [_thread_blocked, id=2004, stack(0x000000001a890000,0x000000001a990000)]
  0x000000001f0c1800 JavaThread "Cancel handler" [_thread_blocked, id=6900, stack(0x000000001a790000,0x000000001a890000)]
  0x000000001f0c0800 JavaThread "Handler for socket connection from /127.0.0.1:53838 to /127.0.0.1:54410" [_thread_in_native, id=16832, stack(0x000000001a290000,0x000000001a390000)]
  0x000000001f0bf000 JavaThread "Daemon Thread 2" [_thread_blocked, id=13412, stack(0x0000000000fb0000,0x00000000010b0000)]
  0x000000001eb98000 JavaThread "Memory manager" [_thread_blocked, id=24152, stack(0x0000000021cc0000,0x0000000021dc0000)]
  0x000000001976f800 JavaThread "File lock request listener" [_thread_in_native, id=7240, stack(0x000000001ad90000,0x000000001ae90000)]
  0x000000001975b000 JavaThread "Cache worker for file hash cache (C:\Users\lenovo\.gradle\caches\4.6\fileHashes)" [_thread_blocked, id=19888, stack(0x000000001ac90000,0x000000001ad90000)]
  0x00000000195ff800 JavaThread "Daemon periodic checks" [_thread_blocked, id=25024, stack(0x000000001a190000,0x000000001a290000)]
  0x00000000195dd800 JavaThread "Incoming local TCP Connector on port 53838" [_thread_in_native, id=20932, stack(0x0000000019fe0000,0x000000001a0e0000)]
  0x0000000017bab000 JavaThread "Service Thread" daemon [_thread_blocked, id=10024, stack(0x0000000018410000,0x0000000018510000)]
  0x0000000017b23800 JavaThread "C1 CompilerThread2" daemon [_thread_blocked, id=12652, stack(0x0000000018310000,0x0000000018410000)]
=>0x000000001681c800 JavaThread "C2 CompilerThread1" daemon [_thread_in_native, id=12556, stack(0x0000000018210000,0x0000000018310000)]
  0x00000000167ce000 JavaThread "C2 CompilerThread0" daemon [_thread_in_native, id=2896, stack(0x0000000018110000,0x0000000018210000)]
  0x0000000016819800 JavaThread "Attach Listener" daemon [_thread_blocked, id=3524, stack(0x0000000018010000,0x0000000018110000)]
  0x0000000017b18800 JavaThread "Signal Dispatcher" daemon [_thread_blocked, id=24520, stack(0x0000000017f10000,0x0000000018010000)]
  0x00000000167a7800 JavaThread "Finalizer" daemon [_thread_blocked, id=16756, stack(0x0000000017a10000,0x0000000017b10000)]
  0x0000000002e42000 JavaThread "Reference Handler" daemon [_thread_blocked, id=5152, stack(0x0000000017910000,0x0000000017a10000)]
  0x0000000002d4e000 JavaThread "main" [_thread_blocked, id=728, stack(0x0000000002bd0000,0x0000000002cd0000)]

Other Threads:
  0x0000000016786000 VMThread [stack: 0x0000000017810000,0x0000000017910000] [id=25236]
  0x0000000017bac000 WatcherThread [stack: 0x0000000018510000,0x0000000018610000] [id=20564]

VM state:not at safepoint (normal execution)

VM Mutex/Monitor currently owned by a thread: None

Heap:
 PSYoungGen      total 257536K, used 57761K [0x00000000e0000000, 0x00000000f5c80000, 0x0000000100000000)
  eden space 223232K, 25% used [0x00000000e0000000,0x00000000e3868588,0x00000000eda00000)
  from space 34304K, 0% used [0x00000000efa00000,0x00000000efa00000,0x00000000f1b80000)
  to   space 32768K, 0% used [0x00000000eda00000,0x00000000eda00000,0x00000000efa00000)
 ParOldGen       total 150016K, used 124442K [0x00000000a0000000, 0x00000000a9280000, 0x00000000e0000000)
  object space 150016K, 82% used [0x00000000a0000000,0x00000000a7986a70,0x00000000a9280000)
 Metaspace       used 81588K, capacity 84562K, committed 84884K, reserved 1122304K
  class space    used 10426K, capacity 11131K, committed 11196K, reserved 1048576K

Card table byte_map: [0x0000000012210000,0x0000000012520000] byte_map_base: 0x0000000011d10000

Marking Bits: (ParMarkBitMap*) 0x00000000732f18f0
 Begin Bits: [0x0000000012b20000, 0x0000000014320000)
 End Bits:   [0x0000000014320000, 0x0000000015b20000)

Polling page: 0x0000000000c20000

CodeCache: size=245760Kb used=49389Kb max_used=49412Kb free=196370Kb
 bounds [0x0000000002e50000, 0x0000000005ee0000, 0x0000000011e50000]
 total_blobs=14767 nmethods=13921 adapters=757
 compilation: enabled

Compilation events (10 events):
Event: 988.990 Thread 0x0000000017b23800 17634 %     3       com.android.dx.cf.code.BaseMachine::popArgs @ 21 (127 bytes)
Event: 988.991 Thread 0x0000000017b23800 nmethod 17634% 0x0000000005eb9210 code [0x0000000005eb9520, 0x0000000005ebaf48]
Event: 988.993 Thread 0x0000000017b23800 17635       3       com.android.dx.cf.code.BaseMachine::popArgs (127 bytes)
Event: 988.994 Thread 0x0000000017b23800 nmethod 17635 0x0000000005eb6990 code [0x0000000005eb6ca0, 0x0000000005eb85e8]
Event: 989.094 Thread 0x00000000167ce000 nmethod 17615% 0x0000000005ecf890 code [0x0000000005ecfba0, 0x0000000005ed2f48]
Event: 989.094 Thread 0x00000000167ce000 17636       4       com.android.dx.rop.code.PlainCstInsn::accept (8 bytes)
Event: 989.094 Thread 0x00000000167ce000 nmethod 17636 0x00000000051daa10 code [0x00000000051dab40, 0x00000000051dabb8]
Event: 989.094 Thread 0x00000000167ce000 17591       4       com.android.dx.dex.code.CodeAddress::<init> (7 bytes)
Event: 989.095 Thread 0x00000000167ce000 nmethod 17591 0x0000000005eb66d0 code [0x0000000005eb6820, 0x0000000005eb68d8]
Event: 989.095 Thread 0x00000000167ce000 17593       4       com.android.dx.dex.code.RopToDop::dopFor (792 bytes)

GC Heap History (10 events):
Event: 964.318 GC heap before
{Heap before GC invocations=20 (full 3):
 PSYoungGen      total 255488K, used 252267K [0x00000000e0000000, 0x00000000f2300000, 0x0000000100000000)
  eden space 229376K, 99% used [0x00000000e0000000,0x00000000edfbe1d0,0x00000000ee000000)
  from space 26112K, 88% used [0x00000000f0980000,0x00000000f201cce0,0x00000000f2300000)
  to   space 34304K, 0% used [0x00000000ee000000,0x00000000ee000000,0x00000000f0180000)
 ParOldGen       total 145920K, used 58116K [0x00000000a0000000, 0x00000000a8e80000, 0x00000000e0000000)
  object space 145920K, 39% used [0x00000000a0000000,0x00000000a38c11b0,0x00000000a8e80000)
 Metaspace       used 78039K, capacity 80958K, committed 81300K, reserved 1120256K
  class space    used 10118K, capacity 10817K, committed 10940K, reserved 1048576K
Event: 964.422 GC heap after
Heap after GC invocations=20 (full 3):
 PSYoungGen      total 242688K, used 20639K [0x00000000e0000000, 0x00000000f1b80000, 0x0000000100000000)
  eden space 221696K, 0% used [0x00000000e0000000,0x00000000e0000000,0x00000000ed880000)
  from space 20992K, 98% used [0x00000000ee000000,0x00000000ef427fb8,0x00000000ef480000)
  to   space 34304K, 0% used [0x00000000efa00000,0x00000000efa00000,0x00000000f1b80000)
 ParOldGen       total 145920K, used 58124K [0x00000000a0000000, 0x00000000a8e80000, 0x00000000e0000000)
  object space 145920K, 39% used [0x00000000a0000000,0x00000000a38c31b0,0x00000000a8e80000)
 Metaspace       used 78039K, capacity 80958K, committed 81300K, reserved 1120256K
  class space    used 10118K, capacity 10817K, committed 10940K, reserved 1048576K
}
Event: 964.582 GC heap before
{Heap before GC invocations=21 (full 3):
 PSYoungGen      total 242688K, used 242335K [0x00000000e0000000, 0x00000000f1b80000, 0x0000000100000000)
  eden space 221696K, 100% used [0x00000000e0000000,0x00000000ed880000,0x00000000ed880000)
  from space 20992K, 98% used [0x00000000ee000000,0x00000000ef427fb8,0x00000000ef480000)
  to   space 34304K, 0% used [0x00000000efa00000,0x00000000efa00000,0x00000000f1b80000)
 ParOldGen       total 145920K, used 58124K [0x00000000a0000000, 0x00000000a8e80000, 0x00000000e0000000)
  object space 145920K, 39% used [0x00000000a0000000,0x00000000a38c31b0,0x00000000a8e80000)
 Metaspace       used 78051K, capacity 80962K, committed 81300K, reserved 1120256K
  class space    used 10119K, capacity 10817K, committed 10940K, reserved 1048576K
Event: 964.636 GC heap after
Heap after GC invocations=21 (full 3):
 PSYoungGen      total 257536K, used 17200K [0x00000000e0000000, 0x00000000f5c80000, 0x0000000100000000)
  eden space 223232K, 0% used [0x00000000e0000000,0x00000000e0000000,0x00000000eda00000)
  from space 34304K, 50% used [0x00000000efa00000,0x00000000f0acc288,0x00000000f1b80000)
  to   space 32768K, 0% used [0x00000000eda00000,0x00000000eda00000,0x00000000efa00000)
 ParOldGen       total 145920K, used 58140K [0x00000000a0000000, 0x00000000a8e80000, 0x00000000e0000000)
  object space 145920K, 39% used [0x00000000a0000000,0x00000000a38c71b0,0x00000000a8e80000)
 Metaspace       used 78051K, capacity 80962K, committed 81300K, reserved 1120256K
  class space    used 10119K, capacity 10817K, committed 10940K, reserved 1048576K
}
Event: 984.062 GC heap before
{Heap before GC invocations=22 (full 3):
 PSYoungGen      total 257536K, used 240432K [0x00000000e0000000, 0x00000000f5c80000, 0x0000000100000000)
  eden space 223232K, 100% used [0x00000000e0000000,0x00000000eda00000,0x00000000eda00000)
  from space 34304K, 50% used [0x00000000efa00000,0x00000000f0acc288,0x00000000f1b80000)
  to   space 32768K, 0% used [0x00000000eda00000,0x00000000eda00000,0x00000000efa00000)
 ParOldGen       total 145920K, used 58140K [0x00000000a0000000, 0x00000000a8e80000, 0x00000000e0000000)
  object space 145920K, 39% used [0x00000000a0000000,0x00000000a38c71b0,0x00000000a8e80000)
 Metaspace       used 81467K, capacity 84538K, committed 84628K, reserved 1122304K
  class space    used 10435K, capacity 11181K, committed 11196K, reserved 1048576K
Event: 984.236 GC heap after
Heap after GC invocations=22 (full 3):
 PSYoungGen      total 256000K, used 32759K [0x00000000e0000000, 0x00000000f5c80000, 0x0000000100000000)
  eden space 223232K, 0% used [0x00000000e0000000,0x00000000e0000000,0x00000000eda00000)
  from space 32768K, 99% used [0x00000000eda00000,0x00000000ef9fddf0,0x00000000efa00000)
  to   space 34304K, 0% used [0x00000000efa00000,0x00000000efa00000,0x00000000f1b80000)
 ParOldGen       total 145920K, used 91571K [0x00000000a0000000, 0x00000000a8e80000, 0x00000000e0000000)
  object space 145920K, 62% used [0x00000000a0000000,0x00000000a596ccf0,0x00000000a8e80000)
 Metaspace       used 81467K, capacity 84538K, committed 84628K, reserved 1122304K
  class space    used 10435K, capacity 11181K, committed 11196K, reserved 1048576K
}
Event: 985.974 GC heap before
{Heap before GC invocations=23 (full 3):
 PSYoungGen      total 256000K, used 255991K [0x00000000e0000000, 0x00000000f5c80000, 0x0000000100000000)
  eden space 223232K, 100% used [0x00000000e0000000,0x00000000eda00000,0x00000000eda00000)
  from space 32768K, 99% used [0x00000000eda00000,0x00000000ef9fddf0,0x00000000efa00000)
  to   space 34304K, 0% used [0x00000000efa00000,0x00000000efa00000,0x00000000f1b80000)
 ParOldGen       total 145920K, used 91571K [0x00000000a0000000, 0x00000000a8e80000, 0x00000000e0000000)
  object space 145920K, 62% used [0x00000000a0000000,0x00000000a596ccf0,0x00000000a8e80000)
 Metaspace       used 81665K, capacity 84730K, committed 84884K, reserved 1122304K
  class space    used 10438K, capacity 11181K, committed 11196K, reserved 1048576K
Event: 986.146 GC heap after
Heap after GC invocations=23 (full 3):
 PSYoungGen      total 257536K, used 34287K [0x00000000e0000000, 0x00000000f5c80000, 0x0000000100000000)
  eden space 223232K, 0% used [0x00000000e0000000,0x00000000e0000000,0x00000000eda00000)
  from space 34304K, 99% used [0x00000000efa00000,0x00000000f1b7bdf8,0x00000000f1b80000)
  to   space 32768K, 0% used [0x00000000eda00000,0x00000000eda00000,0x00000000efa00000)
 ParOldGen       total 150016K, used 149514K [0x00000000a0000000, 0x00000000a9280000, 0x00000000e0000000)
  object space 150016K, 99% used [0x00000000a0000000,0x00000000a92029d8,0x00000000a9280000)
 Metaspace       used 81665K, capacity 84730K, committed 84884K, reserved 1122304K
  class space    used 10438K, capacity 11181K, committed 11196K, reserved 1048576K
}
Event: 986.147 GC heap before
{Heap before GC invocations=24 (full 4):
 PSYoungGen      total 257536K, used 34287K [0x00000000e0000000, 0x00000000f5c80000, 0x0000000100000000)
  eden space 223232K, 0% used [0x00000000e0000000,0x00000000e0000000,0x00000000eda00000)
  from space 34304K, 99% used [0x00000000efa00000,0x00000000f1b7bdf8,0x00000000f1b80000)
  to   space 32768K, 0% used [0x00000000eda00000,0x00000000eda00000,0x00000000efa00000)
 ParOldGen       total 150016K, used 149514K [0x00000000a0000000, 0x00000000a9280000, 0x00000000e0000000)
  object space 150016K, 99% used [0x00000000a0000000,0x00000000a92029d8,0x00000000a9280000)
 Metaspace       used 81665K, capacity 84730K, committed 84884K, reserved 1122304K
  class space    used 10438K, capacity 11181K, committed 11196K, reserved 1048576K
Event: 988.541 GC heap after
Heap after GC invocations=24 (full 4):
 PSYoungGen      total 257536K, used 0K [0x00000000e0000000, 0x00000000f5c80000, 0x0000000100000000)
  eden space 223232K, 0% used [0x00000000e0000000,0x00000000e0000000,0x00000000eda00000)
  from space 34304K, 0% used [0x00000000efa00000,0x00000000efa00000,0x00000000f1b80000)
  to   space 32768K, 0% used [0x00000000eda00000,0x00000000eda00000,0x00000000efa00000)
 ParOldGen       total 150016K, used 124442K [0x00000000a0000000, 0x00000000a9280000, 0x00000000e0000000)
  object space 150016K, 82% used [0x00000000a0000000,0x00000000a7986a70,0x00000000a9280000)
 Metaspace       used 81567K, capacity 84562K, committed 84884K, reserved 1122304K
  class space    used 10424K, capacity 11131K, committed 11196K, reserved 1048576K
}

Deoptimization events (10 events):
Event: 985.445 Thread 0x0000000017cdc800 Uncommon trap: reason=unstable_if action=reinterpret pc=0x0000000005d6cc78 method=com.android.dx.rop.code.Insn.contentEquals(Lcom/android/dx/rop/code/Insn;)Z @ 22
Event: 985.474 Thread 0x0000000017cde800 Uncommon trap: reason=unstable_if action=reinterpret pc=0x0000000005d7a8a8 method=com.android.dx.rop.code.Insn.contentEquals(Lcom/android/dx/rop/code/Insn;)Z @ 8
Event: 985.475 Thread 0x000000001ecdb800 Uncommon trap: reason=unstable_if action=reinterpret pc=0x000000000370f6e0 method=com.android.dx.cf.code.Merger.isPossiblyAssignableFrom(Lcom/android/dx/rop/type/TypeBearer;Lcom/android/dx/rop/type/TypeBearer;)Z @ 131
Event: 985.556 Thread 0x0000000017cdc800 Uncommon trap: reason=unstable_if action=reinterpret pc=0x0000000005d45f14 method=com.android.dx.ssa.SsaRenamer$BlockRenamer.visitMoveInsn(Lcom/android/dx/ssa/NormalSsaInsn;)V @ 104
Event: 985.557 Thread 0x0000000017cdc800 Uncommon trap: reason=unstable_if action=reinterpret pc=0x0000000004c3c354 method=com.android.dx.ssa.SsaRenamer$BlockRenamer.process()V @ 90
Event: 985.774 Thread 0x0000000017cde000 Uncommon trap: reason=speculate_class_check action=maybe_recompile pc=0x0000000005be69b8 method=com.android.dx.util.FixedSizeList.equals(Ljava/lang/Object;)Z @ 25
Event: 985.774 Thread 0x0000000017cde000 Uncommon trap: reason=speculate_class_check action=maybe_recompile pc=0x0000000005be69b8 method=com.android.dx.util.FixedSizeList.equals(Ljava/lang/Object;)Z @ 25
Event: 985.774 Thread 0x0000000017cde000 Uncommon trap: reason=speculate_class_check action=maybe_recompile pc=0x0000000005be69b8 method=com.android.dx.util.FixedSizeList.equals(Ljava/lang/Object;)Z @ 25
Event: 985.774 Thread 0x0000000017cde000 Uncommon trap: reason=speculate_class_check action=maybe_recompile pc=0x0000000005be69b8 method=com.android.dx.util.FixedSizeList.equals(Ljava/lang/Object;)Z @ 25
Event: 988.689 Thread 0x000000001ecdb800 Uncommon trap: reason=unstable_if action=reinterpret pc=0x0000000004f8fa68 method=com.android.dx.ssa.SCCP.simulateBranch(Lcom/android/dx/ssa/SsaInsn;)V @ 107

Internal exceptions (10 events):
Event: 935.811 Thread 0x000000001f0c2000 Exception <a 'java/lang/ClassNotFoundException': com/android/build/gradle/tasks/fd/GenerateInstantRunAppInfoTaskCustomizer> (0x00000000e837c2b8) thrown at [C:\src\android\AOSP-openjdk\external\jetbrains\jdk\hotspot\src\share\vm\classfile\systemDictionary.cyÑ‰Æ>ç@
Event: 935.812 Thread 0x000000001f0c2000 Exception <a 'java/lang/ClassNotFoundException': com/android/build/gradle/tasks/fd/GenerateInstantRunAppInfoTask_DecoratedCustomizer> (0x00000000e83a9c90) thrown at [C:\src\android\AOSP-openjdk\external\jetbrains\jdk\hotspot\src\share\vm\classfile\systemDiçï]E€ç@
Event: 955.409 Thread 0x000000001f0ca800 Implicit null exception at 0x00000000053ea86e to 0x00000000053eaf4d
Event: 962.135 Thread 0x000000001f0ca800 Exception <a 'java/lang/NoSuchMethodError': <clinit>> (0x00000000e7c27360) thrown at [C:\src\android\AOSP-openjdk\external\jetbrains\jdk\hotspot\src\share\vm\prims\jni.cpp, line 1613]
Event: 965.336 Thread 0x000000001f0ca800 Exception <a 'java/io/FileNotFoundException'> (0x00000000e00a1d08) thrown at [C:\src\android\AOSP-openjdk\external\jetbrains\jdk\hotspot\src\share\vm\prims\jni.cpp, line 709]
Event: 965.562 Thread 0x000000001f0ca800 Implicit null exception at 0x000000000370f45e to 0x000000000370f705
Event: 965.904 Thread 0x000000001f0ca800 Implicit null exception at 0x0000000004832ff8 to 0x0000000004833af1
Event: 965.904 Thread 0x000000001f0ca800 Implicit null exception at 0x00000000032a2f04 to 0x00000000032a31a1
Event: 965.905 Thread 0x000000001f0ca800 Implicit null exception at 0x0000000003186876 to 0x0000000003187ac9
Event: 985.282 Thread 0x0000000017cda000 Implicit null exception at 0x0000000005c12632 to 0x0000000005c13ad1

Events (10 events):
Event: 988.748 loading class com/android/build/gradle/internal/transforms/DexTransform$FileCacheInputParams
Event: 988.748 loading class com/android/build/gradle/internal/transforms/DexTransform$FileCacheInputParams done
Event: 988.751 Thread 0x0000000017cde000 Thread added: 0x0000000017cde000
Event: 988.751 Thread 0x0000000017cd9800 Thread added: 0x0000000017cd9800
Event: 988.822 loading class com/android/dx/dex/file/AnnotationSetRefItem
Event: 988.822 loading class com/android/dx/dex/file/AnnotationSetRefItem done
Event: 988.903 Thread 0x000000001ecdb800 DEOPT PACKING pc=0x0000000005c253c4 sp=0x000000002640e890
Event: 988.903 Thread 0x000000001ecdb800 DEOPT UNPACKING pc=0x0000000002e975bf sp=0x000000002640e670 mode 0
Event: 988.995 Thread 0x0000000017cdc800 DEOPT PACKING pc=0x0000000005c572fd sp=0x000000002730e490
Event: 988.996 Thread 0x0000000017cdc800 DEOPT UNPACKING pc=0x0000000002e975bf sp=0x000000002730e200 mode 0


Dynamic libraries:
0x00007ff635980000 - 0x00007ff6359b1000 	E:\Android\Android Studio\jre\bin\java.exe
0x00007ffb92d20000 - 0x00007ffb92f10000 	C:\WINDOWS\SYSTEM32\ntdll.dll
0x00007ffb91a70000 - 0x00007ffb91b22000 	C:\WINDOWS\System32\KERNEL32.DLL
0x00007ffb903a0000 - 0x00007ffb90644000 	C:\WINDOWS\System32\KERNELBASE.dll
0x00007ffb92770000 - 0x00007ffb92813000 	C:\WINDOWS\System32\ADVAPI32.dll
0x00007ffb92aa0000 - 0x00007ffb92b3e000 	C:\WINDOWS\System32\msvcrt.dll
0x00007ffb91640000 - 0x00007ffb916d7000 	C:\WINDOWS\System32\sechost.dll
0x00007ffb916e0000 - 0x00007ffb91800000 	C:\WINDOWS\System32\RPCRT4.dll
0x00007ffb92b40000 - 0x00007ffb92cd4000 	C:\WINDOWS\System32\USER32.dll
0x00007ffb90350000 - 0x00007ffb90371000 	C:\WINDOWS\System32\win32u.dll
0x00007ffb915a0000 - 0x00007ffb915c6000 	C:\WINDOWS\System32\GDI32.dll
0x00007ffb8fe10000 - 0x00007ffb8ffa4000 	C:\WINDOWS\System32\gdi32full.dll
0x00007ffb8ffb0000 - 0x00007ffb9004e000 	C:\WINDOWS\System32\msvcp_win.dll
0x00007ffb8fd10000 - 0x00007ffb8fe0a000 	C:\WINDOWS\System32\ucrtbase.dll
0x00007ffb80160000 - 0x00007ffb803e4000 	C:\WINDOWS\WinSxS\amd64_microsoft.windows.common-controls_6595b64144ccf1df_6.0.18362.836_none_e6c4b943130f18ed\COMCTL32.dll
0x00007ffb91d90000 - 0x00007ffb920c6000 	C:\WINDOWS\System32\combase.dll
0x00007ffb90180000 - 0x00007ffb90200000 	C:\WINDOWS\System32\bcryptPrimitives.dll
0x00007ffb92a00000 - 0x00007ffb92a2e000 	C:\WINDOWS\System32\IMM32.DLL
0x00000000735b0000 - 0x0000000073682000 	E:\Android\Android Studio\jre\jre\bin\msvcr100.dll
0x0000000072b30000 - 0x000000007336c000 	E:\Android\Android Studio\jre\jre\bin\server\jvm.dll
0x00007ffb92a30000 - 0x00007ffb92a38000 	C:\WINDOWS\System32\PSAPI.DLL
0x00007ffb885c0000 - 0x00007ffb885ca000 	C:\WINDOWS\SYSTEM32\VERSION.dll
0x00007ffb78240000 - 0x00007ffb78249000 	C:\WINDOWS\SYSTEM32\WSOCK32.dll
0x00007ffb8c300000 - 0x00007ffb8c324000 	C:\WINDOWS\SYSTEM32\WINMM.dll
0x00007ffb91a00000 - 0x00007ffb91a6f000 	C:\WINDOWS\System32\WS2_32.dll
0x00007ffb8c2d0000 - 0x00007ffb8c2fd000 	C:\WINDOWS\SYSTEM32\WINMMBASE.dll
0x00007ffb90100000 - 0x00007ffb9014a000 	C:\WINDOWS\System32\cfgmgr32.dll
0x00007ffb8c750000 - 0x00007ffb8c75f000 	E:\Android\Android Studio\jre\jre\bin\verify.dll
0x00007ffb777c0000 - 0x00007ffb777e9000 	E:\Android\Android Studio\jre\jre\bin\java.dll
0x00007ffb8b570000 - 0x00007ffb8b586000 	E:\Android\Android Studio\jre\jre\bin\zip.dll
0x00007ffb90e30000 - 0x00007ffb91514000 	C:\WINDOWS\System32\SHELL32.dll
0x00007ffb91ce0000 - 0x00007ffb91d89000 	C:\WINDOWS\System32\shcore.dll
0x00007ffb90650000 - 0x00007ffb90dce000 	C:\WINDOWS\System32\windows.storage.dll
0x00007ffb8fc30000 - 0x00007ffb8fc53000 	C:\WINDOWS\System32\profapi.dll
0x00007ffb8fc60000 - 0x00007ffb8fcaa000 	C:\WINDOWS\System32\powrprof.dll
0x00007ffb8fbe0000 - 0x00007ffb8fbf0000 	C:\WINDOWS\System32\UMPDC.dll
0x00007ffb928f0000 - 0x00007ffb92942000 	C:\WINDOWS\System32\shlwapi.dll
0x00007ffb8fbf0000 - 0x00007ffb8fc01000 	C:\WINDOWS\System32\kernel.appcore.dll
0x00007ffb90380000 - 0x00007ffb90397000 	C:\WINDOWS\System32\cryptsp.dll
0x00007ffb80560000 - 0x00007ffb8057a000 	E:\Android\Android Studio\jre\jre\bin\net.dll
0x00007ffb8f3f0000 - 0x00007ffb8f457000 	C:\WINDOWS\system32\mswsock.dll
0x00007ffb7c020000 - 0x00007ffb7c031000 	E:\Android\Android Studio\jre\jre\bin\nio.dll
0x00007ffb72a40000 - 0x00007ffb72a5e000 	C:\Users\lenovo\.gradle\native\25\windows-amd64\native-platform.dll
0x00007ffb88b80000 - 0x00007ffb88b8d000 	E:\Android\Android Studio\jre\jre\bin\management.dll
0x00007ffb8ef60000 - 0x00007ffb8ef93000 	C:\WINDOWS\system32\rsaenh.dll
0x00007ffb90150000 - 0x00007ffb90176000 	C:\WINDOWS\System32\bcrypt.dll
0x00007ffb8fb00000 - 0x00007ffb8fb25000 	C:\WINDOWS\SYSTEM32\USERENV.dll
0x00007ffb8f5c0000 - 0x00007ffb8f5cc000 	C:\WINDOWS\SYSTEM32\CRYPTBASE.dll
0x00007ffb8f100000 - 0x00007ffb8f13a000 	C:\WINDOWS\SYSTEM32\IPHLPAPI.DLL
0x00007ffb92760000 - 0x00007ffb92768000 	C:\WINDOWS\System32\NSI.dll
0x00007ffb842c0000 - 0x00007ffb842d6000 	C:\WINDOWS\SYSTEM32\dhcpcsvc6.DLL
0x00007ffb84100000 - 0x00007ffb8411c000 	C:\WINDOWS\SYSTEM32\dhcpcsvc.DLL
0x00007ffb8f140000 - 0x00007ffb8f20b000 	C:\WINDOWS\SYSTEM32\DNSAPI.dll
0x00007ffb7c060000 - 0x00007ffb7c084000 	E:\Android\Android Studio\jre\jre\bin\sunec.dll
0x00007ffb7f300000 - 0x00007ffb7f30a000 	C:\Windows\System32\rasadhlp.dll
0x00007ffb83c20000 - 0x00007ffb83c97000 	C:\WINDOWS\System32\fwpuclnt.dll
0x00007ffb8c640000 - 0x00007ffb8c64b000 	E:\Android\Android Studio\jre\jre\bin\sunmscapi.dll
0x00007ffb90200000 - 0x00007ffb90349000 	C:\WINDOWS\System32\CRYPT32.dll
0x00007ffb8fc10000 - 0x00007ffb8fc22000 	C:\WINDOWS\System32\MSASN1.dll
0x00007ffb8dc50000 - 0x00007ffb8dcdf000 	C:\WINDOWS\system32\apphelp.dll

VM Arguments:
jvm_args: -Xmx1536m -Dfile.encoding=GBK -Duser.country=CN -Duser.language=zh -Duser.variant 
java_command: org.gradle.launcher.daemon.bootstrap.GradleDaemon 4.6
java_class_path (initial): C:\Users\lenovo\.gradle\wrapper\dists\gradle-4.6-all\bcst21l2brirad8k2ben1letg\gradle-4.6\lib\gradle-launcher-4.6.jar
Launcher Type: SUN_STANDARD

Environment Variables:
JAVA_HOME=E:\
CLASSPATH=.;D:\javaStudy;F:\LINGO64_18\Lingo18.jar
PATH=F:\Maya\bin;D:\Xftp\;D:\Xshell\;C:\Program Files (x86)\Common Files\Oracle\Java\javapath;D:\Oracle_XE\app\oracle\product\11.2.0\server\bin;C:\Program Files (x86)\Python36-32\Scripts\;C:\Program Files (x86)\Python36-32\;C:\ProgramData\Oracle\Java\Javapath;C:\WINDOWS\system32;C:\WINDOWS;C:\WINDOWS\System32\Wbem;C:\WINDOWS\System32\WindowsPowerShell\v1.0\;C:\Program Files\Intel\WiFi\bin\;C:\Program Files\Common Files\Intel\WirelessCommon\;E:\\bin;C:\Program Files\Microsoft SQL Server\110\Tools\Binn\;C:\Program Files (x86)\Windows Kits\8.1\Windows Performance Toolkit\;C:\Program Files (x86)\Microsoft SDKs\TypeScript\1.0\;C:\Program Files\Microsoft SQL Server\120\Tools\Binn\;D:\SQLite;C:\Python27;C:\Python27\Scripts;D:\go\bin;C:\WINDOWS\System32\OpenSSH\;D:\Node.js\;D:\code_practice\java\øÚº‹\apache-maven-3.5.4\bin;E;\python3.6;E:\python3.6\Scripts;C:\Program Files (x86)\Microsoft SQL Server\Client SDK\ODBC\130\Tools\Binn\;C:\Program Files (x86)\Microsoft SQL Server\140\Tools\Binn\;C:\Program Files (x86)\Microsoft SQL Server\140\DTS\Binn\;C:\Program Files (x86)\Microsoft SQL Server\140\Tools\Binn\ManagementStudio\;C:\Program Files (x86)\GtkSharp\2.12\bin;E:\mongodb\bin;D:\Git\Git\cmd;C:\Program Files (x86)\SEGGER\JLink;F:\Maya\;F:\LINGO64_18\;E:\python3.6\Scripts\;E:\python3.6\;C:\Python27;C:\Python27\Scripts;C:\Users\lenovo\AppData\Local\Microsoft\WindowsApps;D:\go_resource\bin;C:\Users\lenovo\AppData\Local\GitHubDesktop\bin;C:\Users\lenovo\AppData\Roaming\npm;E:\mongodb\bin;F:\CLion\CLion 2019.1.3\bin;F:\Docker Toolbox;F:\w3af;C:\Users\lenovo\AppData\Local\Microsoft\WindowsApps;F:\VSCode\Microsoft VS Code\bin;C:\Users\lenovo\AppData\Local\atom\bin;
USERNAME=lenovo
OS=Windows_NT
PROCESSOR_IDENTIFIER=Intel64 Family 6 Model 142 Stepping 9, GenuineIntel



---------------  S Y S T E M  ---------------

OS: Windows 10.0 , 64 bit Build 18362 (10.0.18362.778)

CPU:total 4 (2 cores per cpu, 2 threads per core) family 6 model 142 stepping 9, cmov, cx8, fxsr, mmx, sse, sse2, sse3, ssse3, sse4.1, sse4.2, popcnt, avx, avx2, aes, clmul, erms, 3dnowpref, lzcnt, ht, tsc, tscinvbit, bmi1, bmi2, adx

Memory: 4k page, physical 8273556k(426536k free), swap 16774588k(6032k free)

vm_info: OpenJDK 64-Bit Server VM (25.112-b06) for windows-amd64 JRE (1.8.0_112-release-b06), built on Dec  8 2016 00:54:26 by "builder" with MS VC++ 10.0 (VS2010)

time: Wed Jun 17 09:58:58 2020
elapsed time: 989 seconds (0d 0h 16m 29s)

