#
# There is insufficient memory for the Java Runtime Environment to continue.
# Native memory allocation (malloc) failed to allocate 1557152 bytes for Chunk::new
# Possible reasons:
#   The system is out of physical RAM or swap space
#   In 32 bit mode, the process size limit was hit
# Possible solutions:
#   Reduce memory load on the system
#   Increase physical memory or swap space
#   Check if swap backing store is full
#   Use 64 bit Java on a 64 bit OS
#   Decrease Java heap size (-Xmx/-Xms)
#   Decrease number of Java threads
#   Decrease Java thread stack sizes (-Xss)
#   Set larger code cache with -XX:ReservedCodeCacheSize=
# This output file may be truncated or incomplete.
#
#  Out of Memory Error (allocation.cpp:390), pid=14244, tid=0x0000000000003e3c
#
# JRE version: OpenJDK Runtime Environment (8.0_112-b06) (build 1.8.0_112-release-b06)
# Java VM: OpenJDK 64-Bit Server VM (25.112-b06 mixed mode windows-amd64 compressed oops)
# Failed to write core dump. Minidumps are not enabled by default on client versions of Windows
#

---------------  T H R E A D  ---------------

Current thread (0x000000001710d000):  JavaThread "C2 CompilerThread1" daemon [_thread_in_native, id=15932, stack(0x0000000018b20000,0x0000000018c20000)]

Stack: [0x0000000018b20000,0x0000000018c20000]
[error occurred during error reporting (printing stack bounds), id 0xc0000005]

Native frames: (J=compiled Java code, j=interpreted, Vv=VM code, C=native code)


Current CompileTask:
C2:  44783 9563   !   4       com.android.dx.cf.code.Ropper::processBlock (1101 bytes)


---------------  P R O C E S S  ---------------

Java Threads: ( => current thread )
  0x000000001faff000 JavaThread "Exec process Thread 3" [_thread_in_native, id=14752, stack(0x00000000254c0000,0x00000000255c0000)]
  0x000000001faf7000 JavaThread "Exec process Thread 2" [_thread_in_native, id=9116, stack(0x00000000253c0000,0x00000000254c0000)]
  0x000000001fafc000 JavaThread "Exec process" [_thread_in_native, id=10764, stack(0x00000000252c0000,0x00000000253c0000)]
  0x000000001faf8000 JavaThread "Thread-23" [_thread_blocked, id=16028, stack(0x00000000251c0000,0x00000000252c0000)]
  0x000000001fafe000 JavaThread "pool-3-thread-1" [_thread_blocked, id=19612, stack(0x00000000250c0000,0x00000000251c0000)]
  0x000000001fafc800 JavaThread "pool-3-thread-2" [_thread_blocked, id=23844, stack(0x0000000024fc0000,0x00000000250c0000)]
  0x000000001faf9800 JavaThread "pool-3-thread-4" [_thread_blocked, id=16416, stack(0x0000000024ec0000,0x0000000024fc0000)]
  0x000000001faf6800 JavaThread "pool-3-thread-3" [_thread_blocked, id=20460, stack(0x0000000024dc0000,0x0000000024ec0000)]
  0x000000001fafb000 JavaThread "pool-2-thread-4" [_thread_blocked, id=4468, stack(0x0000000024cc0000,0x0000000024dc0000)]
  0x000000001fafd800 JavaThread "pool-2-thread-3" [_thread_blocked, id=12228, stack(0x0000000024bc0000,0x0000000024cc0000)]
  0x000000001ba36800 JavaThread "pool-2-thread-2" [_thread_blocked, id=10892, stack(0x0000000024ac0000,0x0000000024bc0000)]
  0x000000001fe28800 JavaThread "pool-2-thread-1" [_thread_blocked, id=18996, stack(0x0000000024470000,0x0000000024570000)]
  0x000000001fe27800 JavaThread "Task worker for ':' Thread 3" [_thread_blocked, id=18916, stack(0x00000000249c0000,0x0000000024ac0000)]
  0x000000001fe27000 JavaThread "Task worker for ':' Thread 2" [_thread_blocked, id=20840, stack(0x00000000248c0000,0x00000000249c0000)]
  0x000000001fe26000 JavaThread "Task worker for ':'" [_thread_blocked, id=11280, stack(0x00000000247c0000,0x00000000248c0000)]
  0x000000001fe29000 JavaThread "Cache worker for Build Output Cleanup Cache (F:\ATempPro\jingbei\.gradle\buildOutputCleanup)" [_thread_blocked, id=23692, stack(0x0000000024170000,0x0000000024270000)]
  0x000000001fe25800 JavaThread "Cache worker for task history cache (F:\ATempPro\jingbei\.gradle\4.6\taskHistory)" [_thread_blocked, id=7008, stack(0x0000000024070000,0x0000000024170000)]
  0x000000001fe23000 JavaThread "Cache worker for file content cache (F:\ATempPro\jingbei\.gradle\4.6\fileContent)" [_thread_blocked, id=18672, stack(0x0000000022b90000,0x0000000022c90000)]
  0x000000001fe22800 JavaThread "Memory manager" [_thread_blocked, id=4712, stack(0x0000000022290000,0x0000000022390000)]
  0x000000001fe24000 JavaThread "pool-1-thread-1" [_thread_blocked, id=4728, stack(0x0000000021f90000,0x0000000022090000)]
  0x000000001ba3c800 JavaThread "Build operations Thread 4" [_thread_blocked, id=14096, stack(0x0000000021c90000,0x0000000021d90000)]
  0x000000001ba3b000 JavaThread "Build operations Thread 3" [_thread_blocked, id=9568, stack(0x0000000021b90000,0x0000000021c90000)]
  0x000000001ba35800 JavaThread "Build operations Thread 2" [_thread_blocked, id=21240, stack(0x0000000021a90000,0x0000000021b90000)]
  0x000000001ba3a000 JavaThread "Build operations" [_thread_blocked, id=13556, stack(0x000000001ed40000,0x000000001ee40000)]
  0x000000001ba3b800 JavaThread "Cache worker for Artifact transforms cache (C:\Users\lenovo\.gradle\caches\transforms-1)" [_thread_blocked, id=23248, stack(0x000000001e960000,0x000000001ea60000)]
  0x000000001b789800 JavaThread "Cache worker for file hash cache (F:\ATempPro\jingbei\.gradle\4.6\fileHashes)" [_thread_blocked, id=19576, stack(0x000000001c6c0000,0x000000001c7c0000)]
  0x000000001a32c800 JavaThread "File lock request listener" [_thread_in_native, id=1816, stack(0x000000001b5f0000,0x000000001b6f0000)]
  0x000000001a033800 JavaThread "Cache worker for file hash cache (C:\Users\lenovo\.gradle\caches\4.6\fileHashes)" [_thread_blocked, id=25272, stack(0x000000001b4f0000,0x000000001b5f0000)]
  0x000000001a037800 JavaThread "Stdin handler" [_thread_blocked, id=16300, stack(0x000000001b1f0000,0x000000001b2f0000)]
  0x000000001a036800 JavaThread "Asynchronous log dispatcher for DefaultDaemonConnection: socket connection from /127.0.0.1:54609 to /127.0.0.1:54610" [_thread_blocked, id=4172, stack(0x000000001b0f0000,0x000000001b1f0000)]
  0x000000001a031000 JavaThread "Daemon worker" [_thread_blocked, id=20924, stack(0x000000001aff0000,0x000000001b0f0000)]
  0x000000001a045800 JavaThread "Cancel handler" [_thread_blocked, id=19332, stack(0x000000001aef0000,0x000000001aff0000)]
  0x0000000019cdc000 JavaThread "Handler for socket connection from /127.0.0.1:54609 to /127.0.0.1:54610" [_thread_in_native, id=3004, stack(0x000000001abf0000,0x000000001acf0000)]
  0x0000000019cdb800 JavaThread "Daemon" [_thread_blocked, id=7964, stack(0x000000001aaf0000,0x000000001abf0000)]
  0x0000000019eb2800 JavaThread "Daemon periodic checks" [_thread_blocked, id=17748, stack(0x000000001a9f0000,0x000000001aaf0000)]
  0x0000000019e3c000 JavaThread "Incoming local TCP Connector on port 54609" [_thread_in_native, id=15876, stack(0x000000001a8f0000,0x000000001a9f0000)]
  0x00000000184a9000 JavaThread "Service Thread" daemon [_thread_blocked, id=14384, stack(0x0000000018d20000,0x0000000018e20000)]
  0x000000001710e000 JavaThread "C1 CompilerThread2" daemon [_thread_blocked, id=22728, stack(0x0000000018c20000,0x0000000018d20000)]
=>0x000000001710d000 JavaThread "C2 CompilerThread1" daemon [_thread_in_native, id=15932, stack(0x0000000018b20000,0x0000000018c20000)]
  0x000000001710a000 JavaThread "C2 CompilerThread0" daemon [_thread_blocked, id=15596, stack(0x0000000018a20000,0x0000000018b20000)]
  0x00000000170bd800 JavaThread "Attach Listener" daemon [_thread_blocked, id=5280, stack(0x0000000018920000,0x0000000018a20000)]
  0x0000000018428800 JavaThread "Signal Dispatcher" daemon [_thread_blocked, id=25120, stack(0x0000000018820000,0x0000000018920000)]
  0x0000000017097000 JavaThread "Finalizer" daemon [_thread_blocked, id=22836, stack(0x0000000018320000,0x0000000018420000)]
  0x0000000003271000 JavaThread "Reference Handler" daemon [_thread_blocked, id=19384, stack(0x0000000018220000,0x0000000018320000)]
  0x000000000383e000 JavaThread "main" [_thread_blocked, id=23472, stack(0x00000000018b0000,0x00000000019b0000)]

Other Threads:
  0x0000000017075800 VMThread [stack: 0x0000000018120000,0x0000000018220000] [id=24108]
  0x00000000184aa000 WatcherThread [stack: 0x0000000018e20000,0x0000000018f20000] [id=19292]

VM state:not at safepoint (normal execution)

VM Mutex/Monitor currently owned by a thread: None

Heap:
 PSYoungGen      total 213504K, used 148240K [0x00000000e0000000, 0x00000000ee300000, 0x0000000100000000)
  eden space 194560K, 76% used [0x00000000e0000000,0x00000000e90c43a0,0x00000000ebe00000)
  from space 18944K, 0% used [0x00000000ebe00000,0x00000000ebe00000,0x00000000ed080000)
  to   space 13824K, 0% used [0x00000000ed080000,0x00000000ed080000,0x00000000ede00000)
 ParOldGen       total 91648K, used 83465K [0x00000000a0000000, 0x00000000a5980000, 0x00000000e0000000)
  object space 91648K, 91% used [0x00000000a0000000,0x00000000a5182730,0x00000000a5980000)
 Metaspace       used 58293K, capacity 60096K, committed 60248K, reserved 1101824K
  class space    used 7758K, capacity 8215K, committed 8320K, reserved 1048576K

Card table byte_map: [0x0000000012c00000,0x0000000012f10000] byte_map_base: 0x0000000012700000

Marking Bits: (ParMarkBitMap*) 0x00000000732f18f0
 Begin Bits: [0x0000000013410000, 0x0000000014c10000)
 End Bits:   [0x0000000014c10000, 0x0000000016410000)

Polling page: 0x0000000000fe0000

CodeCache: size=245760Kb used=29377Kb max_used=29390Kb free=216382Kb
 bounds [0x0000000003840000, 0x0000000005530000, 0x0000000012840000]
 total_blobs=9107 nmethods=8331 adapters=688
 compilation: enabled

Compilation events (10 events):
Event: 40.646 Thread 0x000000001710a000 8334       4       com.android.dx.ssa.PhiInsn::predBlockIndexForSourcesIndex (15 bytes)
Event: 40.647 Thread 0x000000001710a000 nmethod 8334 0x00000000054f62d0 code [0x00000000054f6420, 0x00000000054f6518]
Event: 40.647 Thread 0x000000001710a000 8657       4       com.android.dx.ssa.back.FirstFitLocalCombiningAllocator::tryMapReg (41 bytes)
Event: 40.710 Thread 0x000000001710a000 nmethod 8657 0x000000000550cd10 code [0x000000000550cf60, 0x000000000550e9b0]
Event: 40.710 Thread 0x000000001710a000 8062 %     4       com.android.dx.rop.code.RegisterSpecSet::mutableCopy @ 17 (57 bytes)
Event: 40.718 Thread 0x000000001710a000 nmethod 8062% 0x00000000054f8a10 code [0x00000000054f8b80, 0x00000000054f9018]
Event: 40.719 Thread 0x000000001710a000 7607 %     4       com.android.dx.cf.code.Ropper::labelToResultIndex @ 10 (47 bytes)
Event: 40.726 Thread 0x000000001710a000 nmethod 7607% 0x000000000550aa90 code [0x000000000550ac00, 0x000000000550afb8]
Event: 40.726 Thread 0x000000001710a000 8240       4       com.android.dx.ssa.PhiInsn::predBlocksForReg (73 bytes)
Event: 40.743 Thread 0x000000001710a000 nmethod 8240 0x00000000054f6b50 code [0x00000000054f6ce0, 0x00000000054f7518]

GC Heap History (10 events):
Event: 30.510 GC heap before
{Heap before GC invocations=20 (full 7):
 PSYoungGen      total 213504K, used 18917K [0x00000000e0000000, 0x00000000ee300000, 0x0000000100000000)
  eden space 194560K, 0% used [0x00000000e0000000,0x00000000e0000000,0x00000000ebe00000)
  from space 18944K, 99% used [0x00000000ebe00000,0x00000000ed079488,0x00000000ed080000)
  to   space 13824K, 0% used [0x00000000ed080000,0x00000000ed080000,0x00000000ede00000)
 ParOldGen       total 91648K, used 88262K [0x00000000a0000000, 0x00000000a5980000, 0x00000000e0000000)
  object space 91648K, 96% used [0x00000000a0000000,0x00000000a5631a10,0x00000000a5980000)
 Metaspace       used 57815K, capacity 59618K, committed 59864K, reserved 1101824K
  class space    used 7700K, capacity 8142K, committed 8192K, reserved 1048576K
Event: 30.929 GC heap after
Heap after GC invocations=20 (full 7):
 PSYoungGen      total 213504K, used 0K [0x00000000e0000000, 0x00000000ee300000, 0x0000000100000000)
  eden space 194560K, 0% used [0x00000000e0000000,0x00000000e0000000,0x00000000ebe00000)
  from space 18944K, 0% used [0x00000000ebe00000,0x00000000ebe00000,0x00000000ed080000)
  to   space 13824K, 0% used [0x00000000ed080000,0x00000000ed080000,0x00000000ede00000)
 ParOldGen       total 91648K, used 75934K [0x00000000a0000000, 0x00000000a5980000, 0x00000000e0000000)
  object space 91648K, 82% used [0x00000000a0000000,0x00000000a4a27be0,0x00000000a5980000)
 Metaspace       used 57815K, capacity 59618K, committed 59864K, reserved 1101824K
  class space    used 7700K, capacity 8142K, committed 8192K, reserved 1048576K
}
Event: 31.529 GC heap before
{Heap before GC invocations=21 (full 8):
 PSYoungGen      total 213504K, used 194560K [0x00000000e0000000, 0x00000000ee300000, 0x0000000100000000)
  eden space 194560K, 100% used [0x00000000e0000000,0x00000000ebe00000,0x00000000ebe00000)
  from space 18944K, 0% used [0x00000000ebe00000,0x00000000ebe00000,0x00000000ed080000)
  to   space 13824K, 0% used [0x00000000ed080000,0x00000000ed080000,0x00000000ede00000)
 ParOldGen       total 91648K, used 75934K [0x00000000a0000000, 0x00000000a5980000, 0x00000000e0000000)
  object space 91648K, 82% used [0x00000000a0000000,0x00000000a4a27be0,0x00000000a5980000)
 Metaspace       used 57841K, capacity 59618K, committed 59864K, reserved 1101824K
  class space    used 7700K, capacity 8142K, committed 8192K, reserved 1048576K
Event: 33.906 GC heap after
Heap after GC invocations=21 (full 8):
 PSYoungGen      total 213504K, used 6154K [0x00000000e0000000, 0x00000000ee300000, 0x0000000100000000)
  eden space 194560K, 3% used [0x00000000e0000000,0x00000000e0602980,0x00000000ebe00000)
  from space 18944K, 0% used [0x00000000ebe00000,0x00000000ebe00000,0x00000000ed080000)
  to   space 13824K, 0% used [0x00000000ed080000,0x00000000ed080000,0x00000000ede00000)
 ParOldGen       total 91648K, used 91596K [0x00000000a0000000, 0x00000000a5980000, 0x00000000e0000000)
  object space 91648K, 99% used [0x00000000a0000000,0x00000000a5973090,0x00000000a5980000)
 Metaspace       used 57841K, capacity 59618K, committed 59864K, reserved 1101824K
  class space    used 7700K, capacity 8142K, committed 8192K, reserved 1048576K
}
Event: 34.801 GC heap before
{Heap before GC invocations=22 (full 9):
 PSYoungGen      total 213504K, used 194560K [0x00000000e0000000, 0x00000000ee300000, 0x0000000100000000)
  eden space 194560K, 100% used [0x00000000e0000000,0x00000000ebe00000,0x00000000ebe00000)
  from space 18944K, 0% used [0x00000000ebe00000,0x00000000ebe00000,0x00000000ed080000)
  to   space 13824K, 0% used [0x00000000ed080000,0x00000000ed080000,0x00000000ede00000)
 ParOldGen       total 91648K, used 91596K [0x00000000a0000000, 0x00000000a5980000, 0x00000000e0000000)
  object space 91648K, 99% used [0x00000000a0000000,0x00000000a5973090,0x00000000a5980000)
 Metaspace       used 57854K, capacity 59618K, committed 59864K, reserved 1101824K
  class space    used 7700K, capacity 8142K, committed 8192K, reserved 1048576K
Event: 35.591 GC heap after
Heap after GC invocations=22 (full 9):
 PSYoungGen      total 213504K, used 17724K [0x00000000e0000000, 0x00000000ee300000, 0x0000000100000000)
  eden space 194560K, 9% used [0x00000000e0000000,0x00000000e114f030,0x00000000ebe00000)
  from space 18944K, 0% used [0x00000000ebe00000,0x00000000ebe00000,0x00000000ed080000)
  to   space 13824K, 0% used [0x00000000ed080000,0x00000000ed080000,0x00000000ede00000)
 ParOldGen       total 91648K, used 91591K [0x00000000a0000000, 0x00000000a5980000, 0x00000000e0000000)
  object space 91648K, 99% used [0x00000000a0000000,0x00000000a5971cc8,0x00000000a5980000)
 Metaspace       used 57854K, capacity 59618K, committed 59864K, reserved 1101824K
  class space    used 7700K, capacity 8142K, committed 8192K, reserved 1048576K
}
Event: 36.263 GC heap before
{Heap before GC invocations=23 (full 10):
 PSYoungGen      total 213504K, used 194560K [0x00000000e0000000, 0x00000000ee300000, 0x0000000100000000)
  eden space 194560K, 100% used [0x00000000e0000000,0x00000000ebe00000,0x00000000ebe00000)
  from space 18944K, 0% used [0x00000000ebe00000,0x00000000ebe00000,0x00000000ed080000)
  to   space 13824K, 0% used [0x00000000ed080000,0x00000000ed080000,0x00000000ede00000)
 ParOldGen       total 91648K, used 91591K [0x00000000a0000000, 0x00000000a5980000, 0x00000000e0000000)
  object space 91648K, 99% used [0x00000000a0000000,0x00000000a5971cc8,0x00000000a5980000)
 Metaspace       used 57895K, capacity 59682K, committed 59864K, reserved 1101824K
  class space    used 7700K, capacity 8142K, committed 8192K, reserved 1048576K
Event: 37.244 GC heap after
Heap after GC invocations=23 (full 10):
 PSYoungGen      total 213504K, used 29930K [0x00000000e0000000, 0x00000000ee300000, 0x0000000100000000)
  eden space 194560K, 15% used [0x00000000e0000000,0x00000000e1d3a8c0,0x00000000ebe00000)
  from space 18944K, 0% used [0x00000000ebe00000,0x00000000ebe00000,0x00000000ed080000)
  to   space 13824K, 0% used [0x00000000ed080000,0x00000000ed080000,0x00000000ede00000)
 ParOldGen       total 91648K, used 91598K [0x00000000a0000000, 0x00000000a5980000, 0x00000000e0000000)
  object space 91648K, 99% used [0x00000000a0000000,0x00000000a5973830,0x00000000a5980000)
 Metaspace       used 57895K, capacity 59682K, committed 59864K, reserved 1101824K
  class space    used 7700K, capacity 8142K, committed 8192K, reserved 1048576K
}
Event: 38.078 GC heap before
{Heap before GC invocations=24 (full 11):
 PSYoungGen      total 213504K, used 194560K [0x00000000e0000000, 0x00000000ee300000, 0x0000000100000000)
  eden space 194560K, 100% used [0x00000000e0000000,0x00000000ebe00000,0x00000000ebe00000)
  from space 18944K, 0% used [0x00000000ebe00000,0x00000000ebe00000,0x00000000ed080000)
  to   space 13824K, 0% used [0x00000000ed080000,0x00000000ed080000,0x00000000ede00000)
 ParOldGen       total 91648K, used 91598K [0x00000000a0000000, 0x00000000a5980000, 0x00000000e0000000)
  object space 91648K, 99% used [0x00000000a0000000,0x00000000a5973830,0x00000000a5980000)
 Metaspace       used 57932K, capacity 59746K, committed 59864K, reserved 1101824K
  class space    used 7700K, capacity 8142K, committed 8192K, reserved 1048576K
Event: 38.787 GC heap after
Heap after GC invocations=24 (full 11):
 PSYoungGen      total 213504K, used 0K [0x00000000e0000000, 0x00000000ee300000, 0x0000000100000000)
  eden space 194560K, 0% used [0x00000000e0000000,0x00000000e0000000,0x00000000ebe00000)
  from space 18944K, 0% used [0x00000000ebe00000,0x00000000ebe00000,0x00000000ed080000)
  to   space 13824K, 0% used [0x00000000ed080000,0x00000000ed080000,0x00000000ede00000)
 ParOldGen       total 91648K, used 83465K [0x00000000a0000000, 0x00000000a5980000, 0x00000000e0000000)
  object space 91648K, 91% used [0x00000000a0000000,0x00000000a5182730,0x00000000a5980000)
 Metaspace       used 57932K, capacity 59746K, committed 59864K, reserved 1101824K
  class space    used 7700K, capacity 8142K, committed 8192K, reserved 1048576K
}

Deoptimization events (10 events):
Event: 35.686 Thread 0x000000001fafc800 Uncommon trap: reason=unstable_if action=reinterpret pc=0x0000000004cbf938 method=java.util.concurrent.ConcurrentHashMap.addCount(JI)V @ 168
Event: 35.686 Thread 0x000000001fafc800 Uncommon trap: reason=unstable_if action=reinterpret pc=0x00000000043e8ef8 method=java.util.concurrent.ConcurrentHashMap.get(Ljava/lang/Object;)Ljava/lang/Object; @ 86
Event: 35.687 Thread 0x000000001fafc800 Uncommon trap: reason=unstable_if action=reinterpret pc=0x00000000044af7a8 method=java.util.concurrent.ConcurrentHashMap.addCount(JI)V @ 168
Event: 35.962 Thread 0x0000000019523000 Uncommon trap: reason=unstable_if action=reinterpret pc=0x00000000051ff0ec method=com.android.dx.rop.code.RegisterSpecSet.<init>(I)V @ 2
Event: 37.991 Thread 0x000000001faf7000 Uncommon trap: reason=unstable_if action=reinterpret pc=0x0000000005405df0 method=com.android.dx.rop.code.RegisterSpecSet.<init>(I)V @ 2
Event: 39.126 Thread 0x000000001fafc800 Uncommon trap: reason=unstable_if action=reinterpret pc=0x00000000054be340 method=java.util.BitSet.nextClearBit(I)I @ 45
Event: 39.431 Thread 0x000000001fe26000 Uncommon trap: reason=unstable_if action=reinterpret pc=0x0000000004bfc414 method=com.google.common.collect.MapMakerInternalMap$Segment.getEntry(Ljava/lang/Object;I)Lcom/google/common/collect/MapMakerInternalMap$ReferenceEntry; @ 40
Event: 39.433 Thread 0x000000001fe26000 Uncommon trap: reason=unstable_if action=reinterpret pc=0x0000000004cb7c88 method=com.google.common.collect.MapMakerInternalMap$Segment.drainKeyReferenceQueue()V @ 11
Event: 39.442 Thread 0x000000001fe26000 Uncommon trap: reason=unstable_if action=reinterpret pc=0x0000000004329254 method=com.google.common.cache.LocalCache.processPendingNotifications()V @ 14
Event: 39.870 Thread 0x000000001faf8000 Uncommon trap: reason=unstable_if action=reinterpret pc=0x0000000004c13aec method=org.apache.commons.io.FilenameUtils.doNormalize(Ljava/lang/String;CZ)Ljava/lang/String; @ 215

Internal exceptions (10 events):
Event: 38.032 Thread 0x000000001fe28800 Exception <a 'sun/nio/fs/WindowsException'> (0x00000000ea488618) thrown at [C:\src\android\AOSP-openjdk\external\jetbrains\jdk\hotspot\src\share\vm\prims\jni.cpp, line 709]
Event: 38.039 Thread 0x000000001fe28800 Exception <a 'sun/nio/fs/WindowsException'> (0x00000000ea488e50) thrown at [C:\src\android\AOSP-openjdk\external\jetbrains\jdk\hotspot\src\share\vm\prims\jni.cpp, line 709]
Event: 39.008 Thread 0x000000001ba36800 Exception <a 'sun/nio/fs/WindowsException'> (0x00000000e4476790) thrown at [C:\src\android\AOSP-openjdk\external\jetbrains\jdk\hotspot\src\share\vm\prims\jni.cpp, line 709]
Event: 39.011 Thread 0x000000001ba36800 Exception <a 'sun/nio/fs/WindowsException'> (0x00000000e4476f68) thrown at [C:\src\android\AOSP-openjdk\external\jetbrains\jdk\hotspot\src\share\vm\prims\jni.cpp, line 709]
Event: 39.082 Thread 0x000000001fafd800 Exception <a 'sun/nio/fs/WindowsException'> (0x00000000e5862808) thrown at [C:\src\android\AOSP-openjdk\external\jetbrains\jdk\hotspot\src\share\vm\prims\jni.cpp, line 709]
Event: 39.086 Thread 0x000000001fafd800 Exception <a 'sun/nio/fs/WindowsException'> (0x00000000e5a0a198) thrown at [C:\src\android\AOSP-openjdk\external\jetbrains\jdk\hotspot\src\share\vm\prims\jni.cpp, line 709]
Event: 39.424 Thread 0x000000001fafb000 Exception <a 'sun/nio/fs/WindowsException'> (0x00000000e8872a90) thrown at [C:\src\android\AOSP-openjdk\external\jetbrains\jdk\hotspot\src\share\vm\prims\jni.cpp, line 709]
Event: 39.427 Thread 0x000000001fafb000 Exception <a 'sun/nio/fs/WindowsException'> (0x00000000e8873268) thrown at [C:\src\android\AOSP-openjdk\external\jetbrains\jdk\hotspot\src\share\vm\prims\jni.cpp, line 709]
Event: 39.431 Thread 0x000000001fe26000 Implicit null exception at 0x0000000004bfba25 to 0x0000000004bfc3f1
Event: 39.845 Thread 0x000000001fe26000 Exception <a 'java/lang/NoSuchMethodError': java.lang.Object.lambda$negate$1(Ljava/lang/Object;)Z> (0x00000000e8ed13a0) thrown at [C:\src\android\AOSP-openjdk\external\jetbrains\jdk\hotspot\src\share\vm\interpreter\linkResolver.cpp, line 582]

Events (10 events):
Event: 39.899 Thread 0x000000001710a000 flushing nmethod 0x0000000004e6e350
Event: 39.899 Thread 0x000000001710a000 flushing nmethod 0x0000000004e8ae50
Event: 39.901 Thread 0x000000001710a000 flushing nmethod 0x00000000050fb990
Event: 39.905 Thread 0x000000001710a000 flushing nmethod 0x00000000052b8090
Event: 39.907 loading class java/lang/ProcessImpl$2
Event: 39.907 loading class java/lang/ProcessImpl$2 done
Event: 39.907 loading class org/gradle/process/internal/streams/ExecOutputHandleRunner
Event: 39.907 loading class org/gradle/process/internal/streams/ExecOutputHandleRunner done
Event: 39.909 Thread 0x000000001faf7000 Thread added: 0x000000001faf7000
Event: 39.909 Thread 0x000000001faff000 Thread added: 0x000000001faff000


Dynamic libraries:
0x00007ff635980000 - 0x00007ff6359b1000 	E:\Android\Android Studio\jre\bin\java.exe
0x00007ffb92d20000 - 0x00007ffb92f10000 	C:\WINDOWS\SYSTEM32\ntdll.dll
0x00007ffb91a70000 - 0x00007ffb91b22000 	C:\WINDOWS\System32\KERNEL32.DLL
0x00007ffb903a0000 - 0x00007ffb90644000 	C:\WINDOWS\System32\KERNELBASE.dll
0x00007ffb92770000 - 0x00007ffb92813000 	C:\WINDOWS\System32\ADVAPI32.dll
0x00007ffb92aa0000 - 0x00007ffb92b3e000 	C:\WINDOWS\System32\msvcrt.dll
0x00007ffb91640000 - 0x00007ffb916d7000 	C:\WINDOWS\System32\sechost.dll
0x00007ffb916e0000 - 0x00007ffb91800000 	C:\WINDOWS\System32\RPCRT4.dll
0x00007ffb92b40000 - 0x00007ffb92cd4000 	C:\WINDOWS\System32\USER32.dll
0x00007ffb90350000 - 0x00007ffb90371000 	C:\WINDOWS\System32\win32u.dll
0x00007ffb915a0000 - 0x00007ffb915c6000 	C:\WINDOWS\System32\GDI32.dll
0x00007ffb8fe10000 - 0x00007ffb8ffa4000 	C:\WINDOWS\System32\gdi32full.dll
0x00007ffb8ffb0000 - 0x00007ffb9004e000 	C:\WINDOWS\System32\msvcp_win.dll
0x00007ffb8fd10000 - 0x00007ffb8fe0a000 	C:\WINDOWS\System32\ucrtbase.dll
0x00007ffb80160000 - 0x00007ffb803e4000 	C:\WINDOWS\WinSxS\amd64_microsoft.windows.common-controls_6595b64144ccf1df_6.0.18362.836_none_e6c4b943130f18ed\COMCTL32.dll
0x00007ffb91d90000 - 0x00007ffb920c6000 	C:\WINDOWS\System32\combase.dll
0x00007ffb90180000 - 0x00007ffb90200000 	C:\WINDOWS\System32\bcryptPrimitives.dll
0x00007ffb92a00000 - 0x00007ffb92a2e000 	C:\WINDOWS\System32\IMM32.DLL
0x00000000735b0000 - 0x0000000073682000 	E:\Android\Android Studio\jre\jre\bin\msvcr100.dll
0x0000000072b30000 - 0x000000007336c000 	E:\Android\Android Studio\jre\jre\bin\server\jvm.dll
0x00007ffb92a30000 - 0x00007ffb92a38000 	C:\WINDOWS\System32\PSAPI.DLL
0x00007ffb8c300000 - 0x00007ffb8c324000 	C:\WINDOWS\SYSTEM32\WINMM.dll
0x00007ffb885c0000 - 0x00007ffb885ca000 	C:\WINDOWS\SYSTEM32\VERSION.dll
0x00007ffb78240000 - 0x00007ffb78249000 	C:\WINDOWS\SYSTEM32\WSOCK32.dll
0x00007ffb91a00000 - 0x00007ffb91a6f000 	C:\WINDOWS\System32\WS2_32.dll
0x00007ffb8c2d0000 - 0x00007ffb8c2fd000 	C:\WINDOWS\SYSTEM32\WINMMBASE.dll
0x00007ffb90100000 - 0x00007ffb9014a000 	C:\WINDOWS\System32\cfgmgr32.dll
0x00007ffb8c750000 - 0x00007ffb8c75f000 	E:\Android\Android Studio\jre\jre\bin\verify.dll
0x00007ffb777c0000 - 0x00007ffb777e9000 	E:\Android\Android Studio\jre\jre\bin\java.dll
0x00007ffb8b570000 - 0x00007ffb8b586000 	E:\Android\Android Studio\jre\jre\bin\zip.dll
0x00007ffb90e30000 - 0x00007ffb91514000 	C:\WINDOWS\System32\SHELL32.dll
0x00007ffb91ce0000 - 0x00007ffb91d89000 	C:\WINDOWS\System32\shcore.dll
0x00007ffb90650000 - 0x00007ffb90dce000 	C:\WINDOWS\System32\windows.storage.dll
0x00007ffb8fc30000 - 0x00007ffb8fc53000 	C:\WINDOWS\System32\profapi.dll
0x00007ffb8fc60000 - 0x00007ffb8fcaa000 	C:\WINDOWS\System32\powrprof.dll
0x00007ffb8fbe0000 - 0x00007ffb8fbf0000 	C:\WINDOWS\System32\UMPDC.dll
0x00007ffb928f0000 - 0x00007ffb92942000 	C:\WINDOWS\System32\shlwapi.dll
0x00007ffb8fbf0000 - 0x00007ffb8fc01000 	C:\WINDOWS\System32\kernel.appcore.dll
0x00007ffb90380000 - 0x00007ffb90397000 	C:\WINDOWS\System32\cryptsp.dll
0x00007ffb80560000 - 0x00007ffb8057a000 	E:\Android\Android Studio\jre\jre\bin\net.dll
0x00007ffb8f3f0000 - 0x00007ffb8f457000 	C:\WINDOWS\system32\mswsock.dll
0x00007ffb7c020000 - 0x00007ffb7c031000 	E:\Android\Android Studio\jre\jre\bin\nio.dll
0x00007ffb72a40000 - 0x00007ffb72a5e000 	C:\Users\lenovo\.gradle\native\25\windows-amd64\native-platform.dll
0x00007ffb88b80000 - 0x00007ffb88b8d000 	E:\Android\Android Studio\jre\jre\bin\management.dll
0x00007ffb8ef60000 - 0x00007ffb8ef93000 	C:\WINDOWS\system32\rsaenh.dll
0x00007ffb90150000 - 0x00007ffb90176000 	C:\WINDOWS\System32\bcrypt.dll
0x00007ffb8fb00000 - 0x00007ffb8fb25000 	C:\WINDOWS\SYSTEM32\USERENV.dll
0x00007ffb8f5c0000 - 0x00007ffb8f5cc000 	C:\WINDOWS\SYSTEM32\CRYPTBASE.dll
0x00007ffb8f100000 - 0x00007ffb8f13a000 	C:\WINDOWS\SYSTEM32\IPHLPAPI.DLL
0x00007ffb92760000 - 0x00007ffb92768000 	C:\WINDOWS\System32\NSI.dll
0x00007ffb842c0000 - 0x00007ffb842d6000 	C:\WINDOWS\SYSTEM32\dhcpcsvc6.DLL
0x00007ffb84100000 - 0x00007ffb8411c000 	C:\WINDOWS\SYSTEM32\dhcpcsvc.DLL
0x00007ffb8f140000 - 0x00007ffb8f20b000 	C:\WINDOWS\SYSTEM32\DNSAPI.dll

VM Arguments:
jvm_args: -Xmx1536m -Dfile.encoding=GBK -Duser.country=CN -Duser.language=zh -Duser.variant 
java_command: org.gradle.launcher.daemon.bootstrap.GradleDaemon 4.6
java_class_path (initial): C:\Users\lenovo\.gradle\wrapper\dists\gradle-4.6-all\bcst21l2brirad8k2ben1letg\gradle-4.6\lib\gradle-launcher-4.6.jar
Launcher Type: SUN_STANDARD

Environment Variables:
JAVA_HOME=E:\
CLASSPATH=.;D:\javaStudy;F:\LINGO64_18\Lingo18.jar
PATH=F:\Maya\bin;D:\Xftp\;D:\Xshell\;C:\Program Files (x86)\Common Files\Oracle\Java\javapath;D:\Oracle_XE\app\oracle\product\11.2.0\server\bin;C:\Program Files (x86)\Python36-32\Scripts\;C:\Program Files (x86)\Python36-32\;C:\ProgramData\Oracle\Java\Javapath;C:\WINDOWS\system32;C:\WINDOWS;C:\WINDOWS\System32\Wbem;C:\WINDOWS\System32\WindowsPowerShell\v1.0\;C:\Program Files\Intel\WiFi\bin\;C:\Program Files\Common Files\Intel\WirelessCommon\;E:\\bin;C:\Program Files\Microsoft SQL Server\110\Tools\Binn\;C:\Program Files (x86)\Windows Kits\8.1\Windows Performance Toolkit\;C:\Program Files (x86)\Microsoft SDKs\TypeScript\1.0\;C:\Program Files\Microsoft SQL Server\120\Tools\Binn\;D:\SQLite;C:\Python27;C:\Python27\Scripts;D:\go\bin;C:\WINDOWS\System32\OpenSSH\;D:\Node.js\;D:\code_practice\java\¿ò¼Ü\apache-maven-3.5.4\bin;E;\python3.6;E:\python3.6\Scripts;C:\Program Files (x86)\Microsoft SQL Server\Client SDK\ODBC\130\Tools\Binn\;C:\Program Files (x86)\Microsoft SQL Server\140\Tools\Binn\;C:\Program Files (x86)\Microsoft SQL Server\140\DTS\Binn\;C:\Program Files (x86)\Microsoft SQL Server\140\Tools\Binn\ManagementStudio\;C:\Program Files (x86)\GtkSharp\2.12\bin;E:\mongodb\bin;D:\Git\Git\cmd;C:\Program Files (x86)\SEGGER\JLink;F:\Maya\;F:\LINGO64_18\;E:\python3.6\Scripts\;E:\python3.6\;C:\Python27;C:\Python27\Scripts;C:\Users\lenovo\AppData\Local\Microsoft\WindowsApps;D:\go_resource\bin;C:\Users\lenovo\AppData\Local\GitHubDesktop\bin;C:\Users\lenovo\AppData\Roaming\npm;E:\mongodb\bin;F:\CLion\CLion 2019.1.3\bin;F:\Docker Toolbox;F:\w3af;C:\Users\lenovo\AppData\Local\Microsoft\WindowsApps;F:\VSCode\Microsoft VS Code\bin;C:\Users\lenovo\AppData\Local\atom\bin;
USERNAME=lenovo
OS=Windows_NT
PROCESSOR_IDENTIFIER=Intel64 Family 6 Model 142 Stepping 9, GenuineIntel



---------------  S Y S T E M  ---------------

OS: Windows 10.0 , 64 bit Build 18362 (10.0.18362.778)

CPU:total 4 (2 cores per cpu, 2 threads per core) family 6 model 142 stepping 9, cmov, cx8, fxsr, mmx, sse, sse2, sse3, ssse3, sse4.1, sse4.2, popcnt, avx, avx2, aes, clmul, erms, 3dnowpref, lzcnt, ht, tsc, tscinvbit, bmi1, bmi2, adx

Memory: 4k page, physical 8273556k(528616k free), swap 16774588k(5908k free)

vm_info: OpenJDK 64-Bit Server VM (25.112-b06) for windows-amd64 JRE (1.8.0_112-release-b06), built on Dec  8 2016 00:54:26 by "builder" with MS VC++ 10.0 (VS2010)

time: Wed Jun 17 10:00:43 2020
elapsed time: 44 seconds (0d 0h 0m 44s)

